<?xml version="1.0" encoding="UTF-8"?>
<!-- Generated by org.testng.reporters.JUnitReportReporter -->
<testsuite hostname="manan" failures="0" tests="1" name="AutomationBasic.SeeBooksByWriter" time="21.510" errors="0" timestamp="2024-02-15T22:09:37 BDT" skipped="0">
  <testcase classname="AutomationBasic.SeeBooksByWriter" name="SelectWritter" time="21.510"/>
</testsuite> <!-- AutomationBasic.SeeBooksByWriter -->
