<?xml version="1.0" encoding="UTF-8"?>
<!-- Generated by org.testng.reporters.JUnitReportReporter -->
<testsuite hostname="manan" failures="0" tests="1" name="AutomationBasic.TabWindow" time="32.546" errors="0" timestamp="2024-03-06T14:53:33 BDT" skipped="0">
  <testcase classname="AutomationBasic.TabWindow" name="TabWindow" time="32.546"/>
</testsuite> <!-- AutomationBasic.TabWindow -->
