<?xml version="1.0" encoding="UTF-8"?>
<!-- Generated by org.testng.reporters.JUnitReportReporter -->
<testsuite hostname="manan" failures="0" tests="1" name="AutomationBasic.ViewBooksByWriter" time="19.381" errors="0" timestamp="2024-02-15T22:16:11 BDT" skipped="0">
  <testcase classname="AutomationBasic.ViewBooksByWriter" name="SelectWritter" time="19.381"/>
</testsuite> <!-- AutomationBasic.ViewBooksByWriter -->
