<?xml version="1.0" encoding="UTF-8"?>
<!-- Generated by org.testng.reporters.JUnitReportReporter -->
<testsuite hostname="manan" failures="0" tests="1" name="AutomationBasic.IFrameHandling" time="8.817" errors="0" timestamp="2024-03-05T00:19:13 BDT" skipped="0">
  <testcase classname="AutomationBasic.IFrameHandling" name="IFrame" time="8.817"/>
</testsuite> <!-- AutomationBasic.IFrameHandling -->
