<?xml version="1.0" encoding="UTF-8"?>
<!-- Generated by org.testng.reporters.JUnitReportReporter -->
<testsuite hostname="manan" failures="0" tests="1" name="AutomationBasic.LoginAutomation" time="15.232" errors="0" timestamp="2024-02-15T23:24:17 BDT" skipped="0">
  <testcase classname="AutomationBasic.LoginAutomation" name="SelectWritter" time="15.232"/>
</testsuite> <!-- AutomationBasic.LoginAutomation -->
