<?xml version="1.0" encoding="UTF-8"?>
<!-- Generated by org.testng.reporters.JUnitReportReporter -->
<testsuite hostname="manan" failures="0" tests="1" name="AutomationBasic.NavigationCommandExample" time="83.507" errors="0" timestamp="2024-02-16T02:26:21 BDT" skipped="0">
  <testcase classname="AutomationBasic.NavigationCommandExample" name="navigateTest" time="83.507"/>
</testsuite> <!-- AutomationBasic.NavigationCommandExample -->
