<?xml version="1.0" encoding="UTF-8"?>
<!-- Generated by org.testng.reporters.JUnitReportReporter -->
<testsuite hostname="manan" failures="0" tests="1" name="AutomationBasic.BaseUrlTest" time="9.687" errors="0" timestamp="2024-02-15T21:30:51 BDT" skipped="0">
  <testcase classname="AutomationBasic.BaseUrlTest" name="OpenUrl" time="9.687"/>
</testsuite> <!-- AutomationBasic.BaseUrlTest -->
