<?xml version="1.0" encoding="UTF-8"?>
<!-- Generated by org.testng.reporters.JUnitReportReporter -->
<testsuite hostname="manan" failures="0" tests="1" name="AutomationBasic.ViewBooksByWriter" time="20.213" errors="0" timestamp="2024-02-15T22:11:04 BDT" skipped="0">
  <testcase classname="AutomationBasic.ViewBooksByWriter" name="SelectWritter" time="20.213"/>
</testsuite> <!-- AutomationBasic.ViewBooksByWriter -->
