<?xml version="1.0" encoding="UTF-8"?>
<!-- Generated by org.testng.reporters.JUnitReportReporter -->
<testsuite hostname="manan" failures="0" tests="1" name="AutomationBasic.VisibilityTest" time="7.651" errors="0" timestamp="2024-03-31T02:35:04 BDT" skipped="0">
  <testcase classname="AutomationBasic.VisibilityTest" name="SelectWritter" time="7.651"/>
</testsuite> <!-- AutomationBasic.VisibilityTest -->
