<?xml version="1.0" encoding="UTF-8"?>
<!-- Generated by org.testng.reporters.JUnitReportReporter -->
<testsuite hostname="manan" failures="0" tests="1" name="AutomationBasic.ScrollTest" time="26.413" errors="0" timestamp="2024-02-25T00:20:45 BDT" skipped="0">
  <testcase classname="AutomationBasic.ScrollTest" name="Scroll" time="26.413"/>
</testsuite> <!-- AutomationBasic.ScrollTest -->
