<?xml version="1.0" encoding="UTF-8"?>
<!-- Generated by org.testng.reporters.JUnitReportReporter -->
<testsuite hostname="manan" failures="0" tests="1" name="AutomationBasic.IncognitoMode" time="67.048" errors="0" timestamp="2024-03-14T14:25:11 BDT" skipped="0">
  <testcase classname="AutomationBasic.IncognitoMode" name="IncognitoMode" time="67.048"/>
</testsuite> <!-- AutomationBasic.IncognitoMode -->
