<?xml version="1.0" encoding="UTF-8"?>
<!-- Generated by org.testng.reporters.JUnitReportReporter -->
<testsuite hostname="manan" failures="0" tests="1" name="AutomationBasic.BaseUrlTest" time="12.303" errors="0" timestamp="2023-12-21T20:32:05 BDT" skipped="0">
  <testcase classname="AutomationBasic.BaseUrlTest" name="OpenUrl" time="12.303"/>
</testsuite> <!-- AutomationBasic.BaseUrlTest -->
