<?xml version="1.0" encoding="UTF-8"?>
<!-- Generated by org.testng.reporters.JUnitReportReporter -->
<testsuite hostname="manan" failures="0" tests="1" name="AutomationBasic.BaseUrlTest" time="9.922" errors="0" timestamp="2024-01-12T03:17:37 BDT" skipped="0">
  <testcase classname="AutomationBasic.BaseUrlTest" name="OpenUrl" time="9.922"/>
</testsuite> <!-- AutomationBasic.BaseUrlTest -->
